<?xml version="1.0" encoding="UTF-8"?>
<!-- Generated by org.testng.reporters.JUnitXMLReporter -->
<testsuite ignored="0" hostname="DESKTOP-VUPSQ68" failures="0" tests="8" name="Default test" time="45.85" errors="0" timestamp="02 Mar 2021 12:06:27 GMT">
  <testcase classname="requirement2.webpageDriver" name="getPrerequisite" time="0.032"/>
  <testcase classname="requirement2.webpageDriver" name="createWebDriver" time="5.727"/>
  <testcase classname="requirement2.webpageDriver" name="navigateUrl" time="10.729"/>
  <testcase classname="requirement2.webpageDriver" name="navigateToHomeLoanPage" time="6.121"/>
  <testcase classname="requirement2.webpageDriver" name="readExcelSheet" time="3.071"/>
  <testcase classname="requirement2.webpageDriver" name="insertValueToWebsite" time="8.413"/>
  <testcase classname="requirement2.webpageDriver" name="writeExcel" time="11.516"/>
  <testcase classname="requirement2.webpageDriver" name="closeDriver" time="0.152"/>
</testsuite> <!-- Default test -->
