<?xml version="1.0" encoding="UTF-8"?>
<!-- Generated by org.testng.reporters.JUnitXMLReporter -->
<testsuite ignored="0" hostname="DESKTOP-VUPSQ68" failures="0" tests="6" name="CarLoan" time="24.149" errors="0" timestamp="02 Mar 2021 12:07:32 GMT">
  <testcase classname="requirement1.CarLoanCalculator" name="getPrerequisite" time="0.046"/>
  <testcase classname="requirement1.CarLoanCalculator" name="createWebDriver" time="8.457"/>
  <testcase classname="requirement1.CarLoanCalculator" name="navigateUrl" time="12.089"/>
  <testcase classname="requirement1.CarLoanCalculator" name="enterData" time="2.984"/>
  <testcase classname="requirement1.CarLoanCalculator" name="retriveOutput" time="0.205"/>
  <testcase classname="requirement1.CarLoanCalculator" name="closeDriver" time="0.294"/>
</testsuite> <!-- CarLoan -->
