<?xml version="1.0" encoding="UTF-8"?>
<!-- Generated by org.testng.reporters.JUnitXMLReporter -->
<testsuite ignored="0" hostname="DESKTOP-VUPSQ68" failures="0" tests="11" name="EMICalculatorPageValidation" time="71.543" errors="0" timestamp="02 Mar 2021 12:09:24 GMT">
  <testcase classname="requirement3.EMICalculator" name="loadDriver" time="10.759"/>
  <testcase classname="requirement3.EMICalculator" name="getURL" time="6.397"/>
  <testcase classname="requirement3.EMICalculator" name="LoanCalculator" time="38.87"/>
  <testcase classname="requirement3.EMICalculator" name="ChangeOfScale" time="0.119"/>
  <testcase classname="requirement3.EMICalculator" name="takeScreenshot" time="0.906"/>
  <testcase classname="requirement3.EMICalculator" name="LoanAmountCalculator" time="6.228"/>
  <testcase classname="requirement3.EMICalculator" name="ChangeOfScale2" time="0.554"/>
  <testcase classname="requirement3.EMICalculator" name="takeScreenshot1" time="0.788"/>
  <testcase classname="requirement3.EMICalculator" name="LoanTenureCalculator" time="6.246"/>
  <testcase classname="requirement3.EMICalculator" name="takeScreenshot3" time="0.462"/>
  <testcase classname="requirement3.EMICalculator" name="quitDriver" time="0.197"/>
</testsuite> <!-- EMICalculatorPageValidation -->
