<?xml version="1.0" encoding="UTF-8"?>
<!-- Generated by org.testng.reporters.JUnitXMLReporter -->
<testsuite ignored="0" hostname="DESKTOP-VUPSQ68" failures="0" tests="8" name="HomeLoanEmi" time="40.48" errors="0" timestamp="02 Mar 2021 12:08:13 GMT">
  <testcase classname="requirement2.webpageDriver" name="getPrerequisite" time="0.002"/>
  <testcase classname="requirement2.webpageDriver" name="createWebDriver" time="6.808"/>
  <testcase classname="requirement2.webpageDriver" name="navigateUrl" time="7.659"/>
  <testcase classname="requirement2.webpageDriver" name="navigateToHomeLoanPage" time="4.578"/>
  <testcase classname="requirement2.webpageDriver" name="readExcelSheet" time="3.879"/>
  <testcase classname="requirement2.webpageDriver" name="insertValueToWebsite" time="8.021"/>
  <testcase classname="requirement2.webpageDriver" name="writeExcel" time="9.193"/>
  <testcase classname="requirement2.webpageDriver" name="closeDriver" time="0.321"/>
</testsuite> <!-- HomeLoanEmi -->
