<?xml version="1.0" encoding="UTF-8"?>
<!-- Generated by org.testng.reporters.JUnitXMLReporter -->
<testsuite ignored="0" hostname="DESKTOP-VUPSQ68" failures="0" tests="11" name="EMICalculatorPageValidation" time="52.832" errors="0" timestamp="02 Mar 2021 12:12:22 GMT">
  <testcase classname="requirement3.EMICalculator" name="loadDriver" time="11.544"/>
  <testcase classname="requirement3.EMICalculator" name="getURL" time="7.189"/>
  <testcase classname="requirement3.EMICalculator" name="LoanCalculator" time="18.81"/>
  <testcase classname="requirement3.EMICalculator" name="ChangeOfScale" time="0.176"/>
  <testcase classname="requirement3.EMICalculator" name="takeScreenshot" time="0.708"/>
  <testcase classname="requirement3.EMICalculator" name="LoanAmountCalculator" time="6.22"/>
  <testcase classname="requirement3.EMICalculator" name="ChangeOfScale2" time="0.542"/>
  <testcase classname="requirement3.EMICalculator" name="takeScreenshot1" time="0.77"/>
  <testcase classname="requirement3.EMICalculator" name="LoanTenureCalculator" time="6.164"/>
  <testcase classname="requirement3.EMICalculator" name="takeScreenshot3" time="0.504"/>
  <testcase classname="requirement3.EMICalculator" name="quitDriver" time="0.196"/>
</testsuite> <!-- EMICalculatorPageValidation -->
