<?xml version="1.0" encoding="UTF-8"?>
<!-- Generated by org.testng.reporters.JUnitXMLReporter -->
<testsuite ignored="0" hostname="DESKTOP-VUPSQ68" failures="0" tests="8" name="HomeLoanEmi" time="44.798" errors="0" timestamp="02 Mar 2021 12:11:29 GMT">
  <testcase classname="requirement2.webpageDriver" name="getPrerequisite" time="0.0"/>
  <testcase classname="requirement2.webpageDriver" name="createWebDriver" time="4.959"/>
  <testcase classname="requirement2.webpageDriver" name="navigateUrl" time="8.966"/>
  <testcase classname="requirement2.webpageDriver" name="navigateToHomeLoanPage" time="5.815"/>
  <testcase classname="requirement2.webpageDriver" name="readExcelSheet" time="6.045"/>
  <testcase classname="requirement2.webpageDriver" name="insertValueToWebsite" time="8.977"/>
  <testcase classname="requirement2.webpageDriver" name="writeExcel" time="9.876"/>
  <testcase classname="requirement2.webpageDriver" name="closeDriver" time="0.151"/>
</testsuite> <!-- HomeLoanEmi -->
