<?xml version="1.0" encoding="UTF-8"?>
<testsuite xmlns:xsi="http://www.w3.org/2001/XMLSchema-instance" xsi:noNamespaceSchemaLocation="https://maven.apache.org/surefire/maven-surefire-plugin/xsd/surefire-test-report-3.0.xsd" version="3.0" name="TestSuite" time="123.203" tests="25" errors="0" skipped="0" failures="0">
  <properties>
[...]
</properties>
  <testcase name="getPrerequisite" classname="requirement1.CarLoanCalculator" time="0.012">
    <system-out><![CDATA[[TestNGContentHandler] [WARN] It is strongly recommended to add "<!DOCTYPE suite SYSTEM "http://testng.org/testng-1.0.dtd" >" at the top of your file, otherwise TestNG may fail or not work as expected.
]]></system-out>
  </testcase>
  <testcase name="createWebDriver" classname="requirement1.CarLoanCalculator" time="6.467">
    <system-err><![CDATA[Starting ChromeDriver 87.0.4280.88 (89e2380a3e36c3464b5dd1302349b1382549290d-refs/branch-heads/4280@{#1761}) on port 46301
Only local connections are allowed.
Please see https://chromedriver.chromium.org/security-considerations for suggestions on keeping ChromeDriver safe.
ChromeDriver was started successfully.
[1614687026.234][WARNING]: This version of ChromeDriver has not been tested with Chrome version 88.
Mar 02, 2021 5:40:28 PM org.openqa.selenium.remote.ProtocolHandshake createSession
INFO: Detected dialect: W3C
]]></system-err>
  </testcase>
  <testcase name="navigateUrl" classname="requirement1.CarLoanCalculator" time="12.11"/>
  <testcase name="enterData" classname="requirement1.CarLoanCalculator" time="3.302"/>
  <testcase name="retriveOutput" classname="requirement1.CarLoanCalculator" time="0.254">
    <system-out><![CDATA[------Requirement 1------
Interest amount is : 78,303
Monthly EMI amount : 1,31,525




]]></system-out>
  </testcase>
  <testcase name="closeDriver" classname="requirement1.CarLoanCalculator" time="0.234"/>
  <testcase name="getPrerequisite" classname="requirement2.webpageDriver" time="0.001"/>
  <testcase name="createWebDriver" classname="requirement2.webpageDriver" time="4.987">
    <system-err><![CDATA[Starting ChromeDriver 87.0.4280.88 (89e2380a3e36c3464b5dd1302349b1382549290d-refs/branch-heads/4280@{#1761}) on port 3960
Only local connections are allowed.
Please see https://chromedriver.chromium.org/security-considerations for suggestions on keeping ChromeDriver safe.
ChromeDriver was started successfully.
[1614687047.718][WARNING]: This version of ChromeDriver has not been tested with Chrome version 88.
Mar 02, 2021 5:40:49 PM org.openqa.selenium.remote.ProtocolHandshake createSession
INFO: Detected dialect: W3C
]]></system-err>
  </testcase>
  <testcase name="navigateUrl" classname="requirement2.webpageDriver" time="8.94"/>
  <testcase name="navigateToHomeLoanPage" classname="requirement2.webpageDriver" time="5.816"/>
  <testcase name="readExcelSheet" classname="requirement2.webpageDriver" time="6.045"/>
  <testcase name="insertValueToWebsite" classname="requirement2.webpageDriver" time="8.979"/>
  <testcase name="writeExcel" classname="requirement2.webpageDriver" time="9.876"/>
  <testcase name="closeDriver" classname="requirement2.webpageDriver" time="0.153">
    <system-out><![CDATA[----Requirement 2-----
Executed
Check Excel sheet for Output




]]></system-out>
  </testcase>
  <testcase name="loadDriver" classname="requirement3.EMICalculator" time="11.558">
    <system-err><![CDATA[Starting ChromeDriver 87.0.4280.88 (89e2380a3e36c3464b5dd1302349b1382549290d-refs/branch-heads/4280@{#1761}) on port 16667
Only local connections are allowed.
Please see https://chromedriver.chromium.org/security-considerations for suggestions on keeping ChromeDriver safe.
ChromeDriver was started successfully.
[1614687096.768][WARNING]: This version of ChromeDriver has not been tested with Chrome version 88.
Mar 02, 2021 5:41:38 PM org.openqa.selenium.remote.ProtocolHandshake createSession
INFO: Detected dialect: W3C
]]></system-err>
  </testcase>
  <testcase name="getURL" classname="requirement3.EMICalculator" time="7.176"/>
  <testcase name="LoanCalculator" classname="requirement3.EMICalculator" time="18.809"/>
  <testcase name="ChangeOfScale" classname="requirement3.EMICalculator" time="0.177"/>
  <testcase name="takeScreenshot" classname="requirement3.EMICalculator" time="0.708">
    <system-out><![CDATA[-----Requirement 3-----
Screenshot is captured and stored
]]></system-out>
  </testcase>
  <testcase name="LoanAmountCalculator" classname="requirement3.EMICalculator" time="6.22"/>
  <testcase name="ChangeOfScale2" classname="requirement3.EMICalculator" time="0.543"/>
  <testcase name="takeScreenshot1" classname="requirement3.EMICalculator" time="0.772">
    <system-out><![CDATA[Screenshot is captured and stored
]]></system-out>
  </testcase>
  <testcase name="LoanTenureCalculator" classname="requirement3.EMICalculator" time="6.163"/>
  <testcase name="takeScreenshot3" classname="requirement3.EMICalculator" time="0.504">
    <system-out><![CDATA[Screenshot is captured and stored
]]></system-out>
  </testcase>
  <testcase name="quitDriver" classname="requirement3.EMICalculator" time="0.197">
    <system-out><![CDATA[Execution completed

Check screenshots in folder to varify results



]]></system-out>
  </testcase>
</testsuite>