<?xml version="1.0" encoding="UTF-8"?>
<testng-results ignored="0" total="25" passed="25" failed="0" skipped="0">
  <reporter-output>
  </reporter-output>
  <suite started-at="2021-03-02T12:10:22Z" name="Suite" finished-at="2021-03-02T12:12:22Z" duration-ms="120314">
    <groups>
    </groups>
    <test started-at="2021-03-02T12:10:22Z" name="CarLoan" finished-at="2021-03-02T12:10:44Z" duration-ms="22415">
      <class name="requirement1.CarLoanCalculator">
        <test-method signature="getPrerequisite()[pri:1, instance:requirement1.CarLoanCalculator@4efac082]" started-at="2021-03-02T12:10:22Z" name="getPrerequisite" finished-at="2021-03-02T12:10:22Z" duration-ms="16" status="PASS">
          <reporter-output>
          </reporter-output>
        </test-method> <!-- getPrerequisite -->
        <test-method signature="createWebDriver()[pri:2, instance:requirement1.CarLoanCalculator@4efac082]" started-at="2021-03-02T12:10:22Z" name="createWebDriver" finished-at="2021-03-02T12:10:28Z" duration-ms="6435" status="PASS">
          <reporter-output>
          </reporter-output>
        </test-method> <!-- createWebDriver -->
        <test-method signature="navigateUrl()[pri:3, instance:requirement1.CarLoanCalculator@4efac082]" started-at="2021-03-02T12:10:28Z" name="navigateUrl" finished-at="2021-03-02T12:10:40Z" duration-ms="12109" status="PASS">
          <reporter-output>
          </reporter-output>
        </test-method> <!-- navigateUrl -->
        <test-method signature="enterData()[pri:4, instance:requirement1.CarLoanCalculator@4efac082]" started-at="2021-03-02T12:10:40Z" name="enterData" finished-at="2021-03-02T12:10:44Z" duration-ms="3329" status="PASS">
          <reporter-output>
          </reporter-output>
        </test-method> <!-- enterData -->
        <test-method signature="retriveOutput()[pri:5, instance:requirement1.CarLoanCalculator@4efac082]" started-at="2021-03-02T12:10:44Z" name="retriveOutput" finished-at="2021-03-02T12:10:44Z" duration-ms="233" status="PASS">
          <reporter-output>
          </reporter-output>
        </test-method> <!-- retriveOutput -->
        <test-method signature="closeDriver()[pri:6, instance:requirement1.CarLoanCalculator@4efac082]" started-at="2021-03-02T12:10:44Z" name="closeDriver" finished-at="2021-03-02T12:10:44Z" duration-ms="255" status="PASS">
          <reporter-output>
          </reporter-output>
        </test-method> <!-- closeDriver -->
      </class> <!-- requirement1.CarLoanCalculator -->
    </test> <!-- CarLoan -->
    <test started-at="2021-03-02T12:10:44Z" name="HomeLoanEmi" finished-at="2021-03-02T12:11:29Z" duration-ms="44798">
      <class name="requirement2.webpageDriver">
        <test-method signature="getPrerequisite()[pri:1, instance:requirement2.webpageDriver@791f145a]" started-at="2021-03-02T12:10:44Z" name="getPrerequisite" finished-at="2021-03-02T12:10:44Z" duration-ms="0" status="PASS">
          <reporter-output>
          </reporter-output>
        </test-method> <!-- getPrerequisite -->
        <test-method signature="createWebDriver()[pri:2, instance:requirement2.webpageDriver@791f145a]" started-at="2021-03-02T12:10:44Z" name="createWebDriver" finished-at="2021-03-02T12:10:49Z" duration-ms="4959" status="PASS">
          <reporter-output>
          </reporter-output>
        </test-method> <!-- createWebDriver -->
        <test-method signature="navigateUrl()[pri:3, instance:requirement2.webpageDriver@791f145a]" started-at="2021-03-02T12:10:49Z" name="navigateUrl" finished-at="2021-03-02T12:10:58Z" duration-ms="8966" status="PASS">
          <reporter-output>
          </reporter-output>
        </test-method> <!-- navigateUrl -->
        <test-method signature="navigateToHomeLoanPage()[pri:4, instance:requirement2.webpageDriver@791f145a]" started-at="2021-03-02T12:10:58Z" name="navigateToHomeLoanPage" finished-at="2021-03-02T12:11:04Z" duration-ms="5815" status="PASS">
          <reporter-output>
          </reporter-output>
        </test-method> <!-- navigateToHomeLoanPage -->
        <test-method signature="readExcelSheet()[pri:5, instance:requirement2.webpageDriver@791f145a]" started-at="2021-03-02T12:11:04Z" name="readExcelSheet" finished-at="2021-03-02T12:11:10Z" duration-ms="6045" status="PASS">
          <reporter-output>
          </reporter-output>
        </test-method> <!-- readExcelSheet -->
        <test-method signature="insertValueToWebsite()[pri:6, instance:requirement2.webpageDriver@791f145a]" started-at="2021-03-02T12:11:10Z" name="insertValueToWebsite" finished-at="2021-03-02T12:11:19Z" duration-ms="8977" status="PASS">
          <reporter-output>
          </reporter-output>
        </test-method> <!-- insertValueToWebsite -->
        <test-method signature="writeExcel()[pri:7, instance:requirement2.webpageDriver@791f145a]" started-at="2021-03-02T12:11:19Z" name="writeExcel" finished-at="2021-03-02T12:11:29Z" duration-ms="9876" status="PASS">
          <reporter-output>
          </reporter-output>
        </test-method> <!-- writeExcel -->
        <test-method signature="closeDriver()[pri:8, instance:requirement2.webpageDriver@791f145a]" started-at="2021-03-02T12:11:29Z" name="closeDriver" finished-at="2021-03-02T12:11:29Z" duration-ms="151" status="PASS">
          <reporter-output>
          </reporter-output>
        </test-method> <!-- closeDriver -->
      </class> <!-- requirement2.webpageDriver -->
    </test> <!-- HomeLoanEmi -->
    <test started-at="2021-03-02T12:11:29Z" name="EMICalculatorPageValidation" finished-at="2021-03-02T12:12:22Z" duration-ms="52832">
      <class name="requirement3.EMICalculator">
        <test-method signature="loadDriver()[pri:1, instance:requirement3.EMICalculator@1e6a3214]" started-at="2021-03-02T12:11:29Z" name="loadDriver" finished-at="2021-03-02T12:11:41Z" duration-ms="11544" status="PASS">
          <reporter-output>
          </reporter-output>
        </test-method> <!-- loadDriver -->
        <test-method signature="getURL()[pri:2, instance:requirement3.EMICalculator@1e6a3214]" started-at="2021-03-02T12:11:41Z" name="getURL" finished-at="2021-03-02T12:11:48Z" duration-ms="7189" status="PASS">
          <reporter-output>
          </reporter-output>
        </test-method> <!-- getURL -->
        <test-method signature="LoanCalculator()[pri:3, instance:requirement3.EMICalculator@1e6a3214]" started-at="2021-03-02T12:11:48Z" name="LoanCalculator" finished-at="2021-03-02T12:12:07Z" duration-ms="18810" status="PASS">
          <reporter-output>
          </reporter-output>
        </test-method> <!-- LoanCalculator -->
        <test-method signature="ChangeOfScale()[pri:4, instance:requirement3.EMICalculator@1e6a3214]" started-at="2021-03-02T12:12:07Z" name="ChangeOfScale" finished-at="2021-03-02T12:12:07Z" duration-ms="176" status="PASS">
          <reporter-output>
          </reporter-output>
        </test-method> <!-- ChangeOfScale -->
        <test-method signature="takeScreenshot()[pri:5, instance:requirement3.EMICalculator@1e6a3214]" started-at="2021-03-02T12:12:07Z" name="takeScreenshot" finished-at="2021-03-02T12:12:08Z" duration-ms="708" status="PASS">
          <reporter-output>
          </reporter-output>
        </test-method> <!-- takeScreenshot -->
        <test-method signature="LoanAmountCalculator()[pri:6, instance:requirement3.EMICalculator@1e6a3214]" started-at="2021-03-02T12:12:08Z" name="LoanAmountCalculator" finished-at="2021-03-02T12:12:14Z" duration-ms="6220" status="PASS">
          <reporter-output>
          </reporter-output>
        </test-method> <!-- LoanAmountCalculator -->
        <test-method signature="ChangeOfScale2()[pri:7, instance:requirement3.EMICalculator@1e6a3214]" started-at="2021-03-02T12:12:14Z" name="ChangeOfScale2" finished-at="2021-03-02T12:12:14Z" duration-ms="542" status="PASS">
          <reporter-output>
          </reporter-output>
        </test-method> <!-- ChangeOfScale2 -->
        <test-method signature="takeScreenshot1()[pri:7, instance:requirement3.EMICalculator@1e6a3214]" started-at="2021-03-02T12:12:14Z" name="takeScreenshot1" finished-at="2021-03-02T12:12:15Z" duration-ms="770" status="PASS">
          <reporter-output>
          </reporter-output>
        </test-method> <!-- takeScreenshot1 -->
        <test-method signature="LoanTenureCalculator()[pri:8, instance:requirement3.EMICalculator@1e6a3214]" started-at="2021-03-02T12:12:15Z" name="LoanTenureCalculator" finished-at="2021-03-02T12:12:21Z" duration-ms="6164" status="PASS">
          <reporter-output>
          </reporter-output>
        </test-method> <!-- LoanTenureCalculator -->
        <test-method signature="takeScreenshot3()[pri:9, instance:requirement3.EMICalculator@1e6a3214]" started-at="2021-03-02T12:12:21Z" name="takeScreenshot3" finished-at="2021-03-02T12:12:22Z" duration-ms="504" status="PASS">
          <reporter-output>
          </reporter-output>
        </test-method> <!-- takeScreenshot3 -->
        <test-method signature="quitDriver()[pri:10, instance:requirement3.EMICalculator@1e6a3214]" started-at="2021-03-02T12:12:22Z" name="quitDriver" finished-at="2021-03-02T12:12:22Z" duration-ms="196" status="PASS">
          <reporter-output>
          </reporter-output>
        </test-method> <!-- quitDriver -->
      </class> <!-- requirement3.EMICalculator -->
    </test> <!-- EMICalculatorPageValidation -->
  </suite> <!-- Suite -->
</testng-results>
