<?xml version="1.0" encoding="UTF-8"?>
<testng-results ignored="0" total="25" passed="25" failed="0" skipped="0">
  <reporter-output>
  </reporter-output>
  <suite started-at="2021-03-02T12:07:08Z" name="Suite" finished-at="2021-03-02T12:09:24Z" duration-ms="136657">
    <groups>
    </groups>
    <test started-at="2021-03-02T12:07:08Z" name="CarLoan" finished-at="2021-03-02T12:07:32Z" duration-ms="24149">
      <class name="requirement1.CarLoanCalculator">
        <test-method signature="getPrerequisite()[pri:1, instance:requirement1.CarLoanCalculator@368247b9]" started-at="2021-03-02T12:07:08Z" name="getPrerequisite" finished-at="2021-03-02T12:07:08Z" duration-ms="46" status="PASS">
          <reporter-output>
          </reporter-output>
        </test-method> <!-- getPrerequisite -->
        <test-method signature="createWebDriver()[pri:2, instance:requirement1.CarLoanCalculator@368247b9]" started-at="2021-03-02T12:07:08Z" name="createWebDriver" finished-at="2021-03-02T12:07:16Z" duration-ms="8457" status="PASS">
          <reporter-output>
          </reporter-output>
        </test-method> <!-- createWebDriver -->
        <test-method signature="navigateUrl()[pri:3, instance:requirement1.CarLoanCalculator@368247b9]" started-at="2021-03-02T12:07:16Z" name="navigateUrl" finished-at="2021-03-02T12:07:28Z" duration-ms="12089" status="PASS">
          <reporter-output>
          </reporter-output>
        </test-method> <!-- navigateUrl -->
        <test-method signature="enterData()[pri:4, instance:requirement1.CarLoanCalculator@368247b9]" started-at="2021-03-02T12:07:28Z" name="enterData" finished-at="2021-03-02T12:07:31Z" duration-ms="2984" status="PASS">
          <reporter-output>
          </reporter-output>
        </test-method> <!-- enterData -->
        <test-method signature="retriveOutput()[pri:5, instance:requirement1.CarLoanCalculator@368247b9]" started-at="2021-03-02T12:07:31Z" name="retriveOutput" finished-at="2021-03-02T12:07:32Z" duration-ms="205" status="PASS">
          <reporter-output>
          </reporter-output>
        </test-method> <!-- retriveOutput -->
        <test-method signature="closeDriver()[pri:6, instance:requirement1.CarLoanCalculator@368247b9]" started-at="2021-03-02T12:07:32Z" name="closeDriver" finished-at="2021-03-02T12:07:32Z" duration-ms="294" status="PASS">
          <reporter-output>
          </reporter-output>
        </test-method> <!-- closeDriver -->
      </class> <!-- requirement1.CarLoanCalculator -->
    </test> <!-- CarLoan -->
    <test started-at="2021-03-02T12:07:32Z" name="HomeLoanEmi" finished-at="2021-03-02T12:08:13Z" duration-ms="40480">
      <class name="requirement2.webpageDriver">
        <test-method signature="getPrerequisite()[pri:1, instance:requirement2.webpageDriver@3e8c3cb]" started-at="2021-03-02T12:07:32Z" name="getPrerequisite" finished-at="2021-03-02T12:07:32Z" duration-ms="2" status="PASS">
          <reporter-output>
          </reporter-output>
        </test-method> <!-- getPrerequisite -->
        <test-method signature="createWebDriver()[pri:2, instance:requirement2.webpageDriver@3e8c3cb]" started-at="2021-03-02T12:07:32Z" name="createWebDriver" finished-at="2021-03-02T12:07:39Z" duration-ms="6808" status="PASS">
          <reporter-output>
          </reporter-output>
        </test-method> <!-- createWebDriver -->
        <test-method signature="navigateUrl()[pri:3, instance:requirement2.webpageDriver@3e8c3cb]" started-at="2021-03-02T12:07:39Z" name="navigateUrl" finished-at="2021-03-02T12:07:47Z" duration-ms="7659" status="PASS">
          <reporter-output>
          </reporter-output>
        </test-method> <!-- navigateUrl -->
        <test-method signature="navigateToHomeLoanPage()[pri:4, instance:requirement2.webpageDriver@3e8c3cb]" started-at="2021-03-02T12:07:47Z" name="navigateToHomeLoanPage" finished-at="2021-03-02T12:07:51Z" duration-ms="4578" status="PASS">
          <reporter-output>
          </reporter-output>
        </test-method> <!-- navigateToHomeLoanPage -->
        <test-method signature="readExcelSheet()[pri:5, instance:requirement2.webpageDriver@3e8c3cb]" started-at="2021-03-02T12:07:51Z" name="readExcelSheet" finished-at="2021-03-02T12:07:55Z" duration-ms="3879" status="PASS">
          <reporter-output>
          </reporter-output>
        </test-method> <!-- readExcelSheet -->
        <test-method signature="insertValueToWebsite()[pri:6, instance:requirement2.webpageDriver@3e8c3cb]" started-at="2021-03-02T12:07:55Z" name="insertValueToWebsite" finished-at="2021-03-02T12:08:03Z" duration-ms="8021" status="PASS">
          <reporter-output>
          </reporter-output>
        </test-method> <!-- insertValueToWebsite -->
        <test-method signature="writeExcel()[pri:7, instance:requirement2.webpageDriver@3e8c3cb]" started-at="2021-03-02T12:08:03Z" name="writeExcel" finished-at="2021-03-02T12:08:12Z" duration-ms="9193" status="PASS">
          <reporter-output>
          </reporter-output>
        </test-method> <!-- writeExcel -->
        <test-method signature="closeDriver()[pri:8, instance:requirement2.webpageDriver@3e8c3cb]" started-at="2021-03-02T12:08:12Z" name="closeDriver" finished-at="2021-03-02T12:08:13Z" duration-ms="321" status="PASS">
          <reporter-output>
          </reporter-output>
        </test-method> <!-- closeDriver -->
      </class> <!-- requirement2.webpageDriver -->
    </test> <!-- HomeLoanEmi -->
    <test started-at="2021-03-02T12:08:13Z" name="EMICalculatorPageValidation" finished-at="2021-03-02T12:09:24Z" duration-ms="71543">
      <class name="requirement3.EMICalculator">
        <test-method signature="loadDriver()[pri:1, instance:requirement3.EMICalculator@1cf6d1be]" started-at="2021-03-02T12:08:13Z" name="loadDriver" finished-at="2021-03-02T12:08:24Z" duration-ms="10759" status="PASS">
          <reporter-output>
          </reporter-output>
        </test-method> <!-- loadDriver -->
        <test-method signature="getURL()[pri:2, instance:requirement3.EMICalculator@1cf6d1be]" started-at="2021-03-02T12:08:24Z" name="getURL" finished-at="2021-03-02T12:08:30Z" duration-ms="6397" status="PASS">
          <reporter-output>
          </reporter-output>
        </test-method> <!-- getURL -->
        <test-method signature="LoanCalculator()[pri:3, instance:requirement3.EMICalculator@1cf6d1be]" started-at="2021-03-02T12:08:30Z" name="LoanCalculator" finished-at="2021-03-02T12:09:09Z" duration-ms="38870" status="PASS">
          <reporter-output>
          </reporter-output>
        </test-method> <!-- LoanCalculator -->
        <test-method signature="ChangeOfScale()[pri:4, instance:requirement3.EMICalculator@1cf6d1be]" started-at="2021-03-02T12:09:09Z" name="ChangeOfScale" finished-at="2021-03-02T12:09:09Z" duration-ms="119" status="PASS">
          <reporter-output>
          </reporter-output>
        </test-method> <!-- ChangeOfScale -->
        <test-method signature="takeScreenshot()[pri:5, instance:requirement3.EMICalculator@1cf6d1be]" started-at="2021-03-02T12:09:09Z" name="takeScreenshot" finished-at="2021-03-02T12:09:10Z" duration-ms="906" status="PASS">
          <reporter-output>
          </reporter-output>
        </test-method> <!-- takeScreenshot -->
        <test-method signature="LoanAmountCalculator()[pri:6, instance:requirement3.EMICalculator@1cf6d1be]" started-at="2021-03-02T12:09:10Z" name="LoanAmountCalculator" finished-at="2021-03-02T12:09:16Z" duration-ms="6228" status="PASS">
          <reporter-output>
          </reporter-output>
        </test-method> <!-- LoanAmountCalculator -->
        <test-method signature="ChangeOfScale2()[pri:7, instance:requirement3.EMICalculator@1cf6d1be]" started-at="2021-03-02T12:09:16Z" name="ChangeOfScale2" finished-at="2021-03-02T12:09:17Z" duration-ms="554" status="PASS">
          <reporter-output>
          </reporter-output>
        </test-method> <!-- ChangeOfScale2 -->
        <test-method signature="takeScreenshot1()[pri:7, instance:requirement3.EMICalculator@1cf6d1be]" started-at="2021-03-02T12:09:17Z" name="takeScreenshot1" finished-at="2021-03-02T12:09:17Z" duration-ms="788" status="PASS">
          <reporter-output>
          </reporter-output>
        </test-method> <!-- takeScreenshot1 -->
        <test-method signature="LoanTenureCalculator()[pri:8, instance:requirement3.EMICalculator@1cf6d1be]" started-at="2021-03-02T12:09:17Z" name="LoanTenureCalculator" finished-at="2021-03-02T12:09:24Z" duration-ms="6246" status="PASS">
          <reporter-output>
          </reporter-output>
        </test-method> <!-- LoanTenureCalculator -->
        <test-method signature="takeScreenshot3()[pri:9, instance:requirement3.EMICalculator@1cf6d1be]" started-at="2021-03-02T12:09:24Z" name="takeScreenshot3" finished-at="2021-03-02T12:09:24Z" duration-ms="462" status="PASS">
          <reporter-output>
          </reporter-output>
        </test-method> <!-- takeScreenshot3 -->
        <test-method signature="quitDriver()[pri:10, instance:requirement3.EMICalculator@1cf6d1be]" started-at="2021-03-02T12:09:24Z" name="quitDriver" finished-at="2021-03-02T12:09:24Z" duration-ms="197" status="PASS">
          <reporter-output>
          </reporter-output>
        </test-method> <!-- quitDriver -->
      </class> <!-- requirement3.EMICalculator -->
    </test> <!-- EMICalculatorPageValidation -->
  </suite> <!-- Suite -->
</testng-results>
